Build started 2016/1/25 下午 04:17:57.
     1>Project "C:\Users\Fred\Dropbox\Research\VisualFeedback\camera\opencv_test.vcxproj" on node 2 (build target(s)).
     1>InitializeBuildStatus:
         Creating "Debug\opencv_test.unsuccessfulbuild" because "AlwaysCreate" was specified.
       ClCompile:
         C:\Program Files (x86)\Microsoft Visual Studio 10.0\VC\bin\CL.exe /c /IC:\opencv\build\include /ZI /nologo /W3 /WX- /Od /Oy- /D WIN32 /D _DEBUG /D _CONSOLE /D _UNICODE /D UNICODE /Gm /EHsc /RTC1 /MDd /GS /fp:precise /Zc:wchar_t /Zc:forScope /Fo"Debug\\" /Fd"Debug\vc100.pdb" /Gd /TP /analyze- /errorReport:prompt main.cpp
         main.cpp
     1>c:\opencv\build\include\opencv2\core\mat.hpp(1413): warning C4819: The file contains a character that cannot be represented in the current code page (950). Save the file in Unicode format to prevent data loss
     1>c:\opencv\build\include\opencv2\core\mat.hpp(1413): warning C4819: The file contains a character that cannot be represented in the current code page (950). Save the file in Unicode format to prevent data loss
     1>c:\users\fred\dropbox\research\visualfeedback\camera\main.cpp(20): warning C4244: 'initializing' : conversion from 'double' to 'float', possible loss of data
     1>c:\users\fred\dropbox\research\visualfeedback\camera\main.cpp(21): warning C4244: 'initializing' : conversion from 'double' to 'float', possible loss of data
     1>c:\users\fred\dropbox\research\visualfeedback\camera\main.cpp(22): warning C4244: 'initializing' : conversion from 'double' to 'float', possible loss of data
     1>c:\users\fred\dropbox\research\visualfeedback\camera\main.cpp(25): warning C4244: '=' : conversion from 'double' to 'int', possible loss of data
     1>c:\users\fred\dropbox\research\visualfeedback\camera\main.cpp(26): warning C4244: '=' : conversion from 'double' to 'int', possible loss of data
     1>c:\users\fred\dropbox\research\visualfeedback\camera\main.cpp(27): warning C4244: '=' : conversion from 'double' to 'int', possible loss of data
     1>c:\users\fred\dropbox\research\visualfeedback\camera\main.cpp(28): warning C4244: '=' : conversion from 'double' to 'int', possible loss of data
     1>c:\users\fred\dropbox\research\visualfeedback\camera\main.cpp(164): warning C4101: 'name' : unreferenced local variable
       ManifestResourceCompile:
         C:\Program Files (x86)\Microsoft SDKs\Windows\v7.0A\bin\rc.exe /nologo /fo"Debug\opencv_test.exe.embed.manifest.res" Debug\opencv_test_manifest.rc 
       Link:
         C:\Program Files (x86)\Microsoft Visual Studio 10.0\VC\bin\link.exe /ERRORREPORT:PROMPT /OUT:"C:\Users\Fred\Dropbox\Research\VisualFeedback\camera\Debug\opencv_test.exe" /INCREMENTAL /NOLOGO /LIBPATH:C:\opencv\build\x86\vc12\lib opencv_ts300d.lib opencv_world300d.lib kernel32.lib user32.lib gdi32.lib winspool.lib comdlg32.lib advapi32.lib shell32.lib ole32.lib oleaut32.lib uuid.lib odbc32.lib odbccp32.lib kernel32.lib user32.lib gdi32.lib winspool.lib comdlg32.lib advapi32.lib shell32.lib ole32.lib oleaut32.lib uuid.lib odbc32.lib odbccp32.lib /MANIFEST /ManifestFile:"Debug\opencv_test.exe.intermediate.manifest" /MANIFESTUAC:"level='asInvoker' uiAccess='false'" /DEBUG /PDB:"C:\Users\Fred\Dropbox\Research\VisualFeedback\camera\Debug\opencv_test.pdb" /SUBSYSTEM:CONSOLE /TLBID:1 /DYNAMICBASE /NXCOMPAT /IMPLIB:"C:\Users\Fred\Dropbox\Research\VisualFeedback\camera\Debug\opencv_test.lib" /MACHINE:X86 Debug\opencv_test.exe.embed.manifest.res
         Debug\main.obj
     1>LINK : fatal error LNK1123: failure during conversion to COFF: file invalid or corrupt
     1>Done Building Project "C:\Users\Fred\Dropbox\Research\VisualFeedback\camera\opencv_test.vcxproj" (build target(s)) -- FAILED.

Build FAILED.

Time Elapsed 00:00:05.51
